Bringing machine 'k8s-node1' up with 'virtualbox' provider...
==> k8s-node1: Checking if box 'centos/76' version '20201212.0.2' is up to date...
==> k8s-node1: Clearing any previously set forwarded ports...
==> k8s-node1: Fixed port collision for 22 => 2222. Now on port 2200.
==> k8s-node1: Clearing any previously set network interfaces...
==> k8s-node1: Preparing network interfaces based on configuration...
    k8s-node1: Adapter 1: nat
    k8s-node1: Adapter 2: hostonly
==> k8s-node1: Forwarding ports...
    k8s-node1: 22 (guest) => 2200 (host) (adapter 1)
==> k8s-node1: Running 'pre-boot' VM customizations...
==> k8s-node1: Booting VM...
==> k8s-node1: Waiting for machine to boot. This may take a few minutes...
Bringing machine 'k8s-node2' up with 'virtualbox' provider...
==> k8s-node2: Checking if box 'centos/76' version '20201212.0.2==> k8s-node1: Machine booted and ready!
==> k8s-node1: Checking for guest additions in VM...
==> k8s-node1: Setting hostname...
==> k8s-node1: Configuring and enabling network interfaces...
==> k8s-node1: Rsyncing folder: /cygdrive/d/share/code/devops/Exercise/chapter9/kubeadm/ => /vagrant
==> k8s-node1: Mounting shared folders...
    k8s-node1: /home/vagrant/labs => D:/share/code/devops/Exercise/chapter9/kubeadm/labs
==> k8s-node1: Machine already provisioned. Run `vagrant provision` or use the `--provision`
==> k8s-node1: flag to force provisioning. Provisioners marked to run always will still run.
node2: SSH address: 127.0.0.1:2201
    k8s-node2: SSH username: vagrant
    k8s-node2: SSH auth method: private key
==> k8s-node2: Machine booted and ready!
==> k8s-node2: Checking for guest additions in VM...
==> k8s-node2: Setting hostname...
==> k8s-node2: Configuring and enabling network interfaces...
==> k8s-node2: Rsyncing folder: /cygdrive/d/share/code/devops/Exercise/chapter9/kubeadm/ => /vagrant
==> k8s-node2: Mounting shared folders...
    k8s-node2: /home/vagrant/labs => D:/share/code/devops/Exercise/chapter9/kubeadm/labs
==> k8s-node2: Machine already provisioned. Run `vagrant provision` or use the `--provision`
==> k8s-node2: flag to force provisioning. Provisioners marked to run always will still run.
[1m==> k8s-master: Attempting graceful shutdown of VM...[0m
[1m==> k8s-node2: Attempting graceful shutdown of VM...[0m
